C51 COMPILER V9.53.0.0   WATER_LEVEL                                                       03/20/2023 14:06:13 PAGE 1   


C51 COMPILER V9.53.0.0, COMPILATION OF MODULE WATER_LEVEL
OBJECT MODULE PLACED IN WATER LEVEL.OBJ
COMPILER INVOKED BY: C:\Keil_v5\C51\BIN\C51.EXE WATER LEVEL.c OPTIMIZE(8,SPEED) BROWSE DEBUG OBJECTEXTEND TABS(2)

line level    source

   1          #include<reg51.h>
   2          #define lcdport P2
   3          sbit rs=P3^0;
   4          sbit rw=P3^1;
   5          sbit en=P3^2;
   6          
   7          sbit half=P1^0;
   8          sbit full=P1^2;
   9          sbit mid=P1^1;
  10          sbit buzzer=P3^6;
  11          
  12          void lcdcmd(char);
  13          void lcdint();
  14          void lcddata(char);
  15          void lcdstring(char *);
  16          void delay(unsigned int);
  17          
  18          void main()
  19          {
  20   1        P1=0x00;
  21   1        half=full=mid=0;
  22   1        buzzer=0;
  23   1        
  24   1         while(1)
  25   1         {
  26   2           lcdint();
  27   2           if(half==0&&full==0&&mid==0)
  28   2          {  
  29   3            lcdcmd(0x85);
  30   3            lcdstring("EMPTY");
  31   3          }  
  32   2           if(half==1&&full==0&&mid==0)
  33   2          { 
  34   3           lcdcmd(0x85);
  35   3           lcdstring("low");
  36   3          }  
  37   2          if(half==1&&full==0&&mid==1)
  38   2          { 
  39   3           lcdcmd(0x85);
  40   3           lcdstring("HALF");
  41   3          } 
  42   2          
  43   2          if(half==1&&full==1&&mid==1)
  44   2          {
  45   3            buzzer=1;
  46   3            lcdcmd(0x85);
  47   3            lcdstring("FULL !!!");
  48   3            lcdcmd(0xc3);
  49   3            lcdstring("MOTOR OFF");
  50   3            buzzer=0;
  51   3          }
  52   2         }
  53   1      }
  54          
  55              void delay(unsigned int x )
C51 COMPILER V9.53.0.0   WATER_LEVEL                                                       03/20/2023 14:06:13 PAGE 2   

  56              {
  57   1            unsigned int i;
  58   1            for(i=0;i<x;i++);
  59   1          }
  60              
  61              void lcdint()
  62              {
  63   1            lcdcmd(0x38);
  64   1            delay(500);
  65   1            lcdcmd(0x01);
  66   1            delay(500);
  67   1            lcdcmd(0x0c);
  68   1            delay(500);
  69   1            lcdcmd(0x80);
  70   1            delay(500);
  71   1            lcdcmd(0x0e);
  72   1            delay(500);
  73   1          }
  74              
  75              void lcdcmd(char value)
  76              {
  77   1            lcdport = value;
  78   1            rw=0;
  79   1            rs=0;
  80   1            en=1;
  81   1            delay(500);
  82   1            en=0;
  83   1            }
  84              
  85                void lcdstring(char *p)
  86                {
  87   1              while(*p!='\0')
  88   1              {
  89   2                lcddata(*p);
  90   2                delay(10000);
  91   2                p++;
  92   2              }
  93   1            }
  94                
  95                void lcddata(char value)
  96                {
  97   1              lcdport = value;
  98   1              rs=1;
  99   1              rw=0;
 100   1              en=1;
 101   1              delay(500);
 102   1              en=0;
 103   1            }
 104              


MODULE INFORMATION:   STATIC OVERLAYABLE
   CODE SIZE        =    260    ----
   CONSTANT SIZE    =     34    ----
   XDATA SIZE       =   ----    ----
   PDATA SIZE       =   ----    ----
   DATA SIZE        =   ----       3
   IDATA SIZE       =   ----    ----
   BIT SIZE         =   ----    ----
END OF MODULE INFORMATION.


C51 COMPILATION COMPLETE.  0 WARNING(S),  0 ERROR(S)
